<?xml version="1.0" encoding="UTF-8"?>
<testsuite name="com.murasaki.medicalinsurance.service.serviceImpl.DrugInfoAddSerImplTest" tests="1" skipped="0" failures="0" errors="0" timestamp="2021-10-09T06:32:10" hostname="MURASAKI" time="0.367">
  <properties/>
  <testcase name="checkAndInsert()" classname="com.murasaki.medicalinsurance.service.serviceImpl.DrugInfoAddSerImplTest" time="0.367"/>
  <system-out><![CDATA[2021-10-09 14:32:10.301  INFO 33980 --- [    Test worker] .b.t.c.SpringBootTestContextBootstrapper : Neither @ContextConfiguration nor @ContextHierarchy found for test class [com.murasaki.medicalinsurance.service.serviceImpl.DrugInfoAddSerImplTest], using SpringBootContextLoader
2021-10-09 14:32:10.304  INFO 33980 --- [    Test worker] o.s.t.c.support.AbstractContextLoader    : Could not detect default resource locations for test class [com.murasaki.medicalinsurance.service.serviceImpl.DrugInfoAddSerImplTest]: no resource found for suffixes {-context.xml, Context.groovy}.
2021-10-09 14:32:10.305  INFO 33980 --- [    Test worker] t.c.s.AnnotationConfigContextLoaderUtils : Could not detect default configuration classes for test class [com.murasaki.medicalinsurance.service.serviceImpl.DrugInfoAddSerImplTest]: DrugInfoAddSerImplTest does not declare any static, non-private, non-final, nested classes annotated with @Configuration.
2021-10-09 14:32:10.307  INFO 33980 --- [    Test worker] .b.t.c.SpringBootTestContextBootstrapper : Found @SpringBootConfiguration com.murasaki.medicalinsurance.MedicalInsuranceApplication for test class com.murasaki.medicalinsurance.service.serviceImpl.DrugInfoAddSerImplTest
2021-10-09 14:32:10.309  INFO 33980 --- [    Test worker] .b.t.c.SpringBootTestContextBootstrapper : Loaded default TestExecutionListener class names from location [META-INF/spring.factories]: [org.springframework.boot.test.autoconfigure.restdocs.RestDocsTestExecutionListener, org.springframework.boot.test.autoconfigure.web.client.MockRestServiceServerResetTestExecutionListener, org.springframework.boot.test.autoconfigure.web.servlet.MockMvcPrintOnlyOnFailureTestExecutionListener, org.springframework.boot.test.autoconfigure.web.servlet.WebDriverTestExecutionListener, org.springframework.boot.test.autoconfigure.webservices.client.MockWebServiceServerTestExecutionListener, org.springframework.boot.test.mock.mockito.MockitoTestExecutionListener, org.springframework.boot.test.mock.mockito.ResetMocksTestExecutionListener, org.springframework.test.context.web.ServletTestExecutionListener, org.springframework.test.context.support.DirtiesContextBeforeModesTestExecutionListener, org.springframework.test.context.event.ApplicationEventsTestExecutionListener, org.springframework.test.context.support.DependencyInjectionTestExecutionListener, org.springframework.test.context.support.DirtiesContextTestExecutionListener, org.springframework.test.context.transaction.TransactionalTestExecutionListener, org.springframework.test.context.jdbc.SqlScriptsTestExecutionListener, org.springframework.test.context.event.EventPublishingTestExecutionListener]
2021-10-09 14:32:10.309  INFO 33980 --- [    Test worker] .b.t.c.SpringBootTestContextBootstrapper : Using TestExecutionListeners: [org.springframework.test.context.web.ServletTestExecutionListener@270241f1, org.springframework.test.context.support.DirtiesContextBeforeModesTestExecutionListener@16575259, org.springframework.test.context.event.ApplicationEventsTestExecutionListener@56b98649, org.springframework.boot.test.mock.mockito.MockitoTestExecutionListener@473c3344, org.springframework.boot.test.autoconfigure.SpringBootDependencyInjectionTestExecutionListener@7284ff9b, org.springframework.test.context.support.DirtiesContextTestExecutionListener@5e6dbe08, org.springframework.test.context.transaction.TransactionalTestExecutionListener@447ce042, org.springframework.test.context.jdbc.SqlScriptsTestExecutionListener@627c5d9a, org.springframework.test.context.event.EventPublishingTestExecutionListener@37d11e69, org.springframework.boot.test.autoconfigure.restdocs.RestDocsTestExecutionListener@4ff7b65, org.springframework.boot.test.autoconfigure.web.client.MockRestServiceServerResetTestExecutionListener@2722e548, org.springframework.boot.test.autoconfigure.web.servlet.MockMvcPrintOnlyOnFailureTestExecutionListener@27b2fcbb, org.springframework.boot.test.autoconfigure.web.servlet.WebDriverTestExecutionListener@182f8c72, org.springframework.boot.test.autoconfigure.webservices.client.MockWebServiceServerTestExecutionListener@6774e841, org.springframework.boot.test.mock.mockito.ResetMocksTestExecutionListener@574c5942]
Creating a new SqlSession
SqlSession [org.apache.ibatis.session.defaults.DefaultSqlSession@529032de] was not registered for synchronization because synchronization is not active
JDBC Connection [HikariProxyConnection@1720210221 wrapping com.mysql.cj.jdbc.ConnectionImpl@16e806c0] will not be managed by Spring
==>  Preparing: INSERT INTO druginfo ( id, drugid, drugname, price, qualification, approval, manufactor, drugtypeid ) VALUES ( ?, ?, ?, ?, ?, ?, ?, ? )
==> Parameters: 0(Integer), 35fd1e80-87a3-483f-8ef0-aee4562663f9(String), 葡萄糖(String), 25.0(Double), Y(String), N(String), 大连制药(String), DTA(String)
<==    Updates: 1
Closing non transactional SqlSession [org.apache.ibatis.session.defaults.DefaultSqlSession@529032de]
Creating a new SqlSession
SqlSession [org.apache.ibatis.session.defaults.DefaultSqlSession@1e540102] was not registered for synchronization because synchronization is not active
JDBC Connection [HikariProxyConnection@2106796274 wrapping com.mysql.cj.jdbc.ConnectionImpl@16e806c0] will not be managed by Spring
==>  Preparing: INSERT INTO druginfo ( id, drugid, drugname, price, qualification, approval, manufactor, drugtypeid ) VALUES ( ?, ?, ?, ?, ?, ?, ?, ? )
==> Parameters: 4(Integer), d760a727-b8c5-4444-8e81-4f94a4d5d1ab(String), 葡萄糖(String), 25.0(Double), Y(String), N(String), 大连制药(String), DTA(String)
<==    Updates: 1
Closing non transactional SqlSession [org.apache.ibatis.session.defaults.DefaultSqlSession@1e540102]
]]></system-out>
  <system-err><![CDATA[]]></system-err>
</testsuite>
