<?xml version="1.0" encoding="UTF-8"?>
<testsuite name="com.murasaki.medicalinsurance.MedicalInsuranceApplicationTests" tests="1" skipped="0" failures="0" errors="0" timestamp="2021-10-09T06:32:08" hostname="MURASAKI" time="0.009">
  <properties/>
  <testcase name="contextLoads()" classname="com.murasaki.medicalinsurance.MedicalInsuranceApplicationTests" time="0.009"/>
  <system-out><![CDATA[2021-10-09 14:32:08.568  INFO 33980 --- [    Test worker] .b.t.c.SpringBootTestContextBootstrapper : Neither @ContextConfiguration nor @ContextHierarchy found for test class [com.murasaki.medicalinsurance.MedicalInsuranceApplicationTests], using SpringBootContextLoader
2021-10-09 14:32:08.570  INFO 33980 --- [    Test worker] o.s.t.c.support.AbstractContextLoader    : Could not detect default resource locations for test class [com.murasaki.medicalinsurance.MedicalInsuranceApplicationTests]: no resource found for suffixes {-context.xml, Context.groovy}.
2021-10-09 14:32:08.570  INFO 33980 --- [    Test worker] t.c.s.AnnotationConfigContextLoaderUtils : Could not detect default configuration classes for test class [com.murasaki.medicalinsurance.MedicalInsuranceApplicationTests]: MedicalInsuranceApplicationTests does not declare any static, non-private, non-final, nested classes annotated with @Configuration.
2021-10-09 14:32:08.576  INFO 33980 --- [    Test worker] .b.t.c.SpringBootTestContextBootstrapper : Found @SpringBootConfiguration com.murasaki.medicalinsurance.MedicalInsuranceApplication for test class com.murasaki.medicalinsurance.MedicalInsuranceApplicationTests
2021-10-09 14:32:08.577  INFO 33980 --- [    Test worker] .b.t.c.SpringBootTestContextBootstrapper : Loaded default TestExecutionListener class names from location [META-INF/spring.factories]: [org.springframework.boot.test.autoconfigure.restdocs.RestDocsTestExecutionListener, org.springframework.boot.test.autoconfigure.web.client.MockRestServiceServerResetTestExecutionListener, org.springframework.boot.test.autoconfigure.web.servlet.MockMvcPrintOnlyOnFailureTestExecutionListener, org.springframework.boot.test.autoconfigure.web.servlet.WebDriverTestExecutionListener, org.springframework.boot.test.autoconfigure.webservices.client.MockWebServiceServerTestExecutionListener, org.springframework.boot.test.mock.mockito.MockitoTestExecutionListener, org.springframework.boot.test.mock.mockito.ResetMocksTestExecutionListener, org.springframework.test.context.web.ServletTestExecutionListener, org.springframework.test.context.support.DirtiesContextBeforeModesTestExecutionListener, org.springframework.test.context.event.ApplicationEventsTestExecutionListener, org.springframework.test.context.support.DependencyInjectionTestExecutionListener, org.springframework.test.context.support.DirtiesContextTestExecutionListener, org.springframework.test.context.transaction.TransactionalTestExecutionListener, org.springframework.test.context.jdbc.SqlScriptsTestExecutionListener, org.springframework.test.context.event.EventPublishingTestExecutionListener]
2021-10-09 14:32:08.577  INFO 33980 --- [    Test worker] .b.t.c.SpringBootTestContextBootstrapper : Using TestExecutionListeners: [org.springframework.test.context.web.ServletTestExecutionListener@202628a2, org.springframework.test.context.support.DirtiesContextBeforeModesTestExecutionListener@1ba8c06b, org.springframework.test.context.event.ApplicationEventsTestExecutionListener@538202f3, org.springframework.boot.test.mock.mockito.MockitoTestExecutionListener@52cbbf29, org.springframework.boot.test.autoconfigure.SpringBootDependencyInjectionTestExecutionListener@4339feea, org.springframework.test.context.support.DirtiesContextTestExecutionListener@1ecfc57e, org.springframework.test.context.transaction.TransactionalTestExecutionListener@5d99c9ce, org.springframework.test.context.jdbc.SqlScriptsTestExecutionListener@522417a3, org.springframework.test.context.event.EventPublishingTestExecutionListener@5e667da3, org.springframework.boot.test.autoconfigure.restdocs.RestDocsTestExecutionListener@3ee2b724, org.springframework.boot.test.autoconfigure.web.client.MockRestServiceServerResetTestExecutionListener@2d26ce8f, org.springframework.boot.test.autoconfigure.web.servlet.MockMvcPrintOnlyOnFailureTestExecutionListener@5fcd4d87, org.springframework.boot.test.autoconfigure.web.servlet.WebDriverTestExecutionListener@32abb8b8, org.springframework.boot.test.autoconfigure.webservices.client.MockWebServiceServerTestExecutionListener@195b725e, org.springframework.boot.test.mock.mockito.ResetMocksTestExecutionListener@292854c]
]]></system-out>
  <system-err><![CDATA[]]></system-err>
</testsuite>
